Build started 1/8/2014 9:11:33 PM.
     1>Project "C:\Users\Mark\Documents\Visual Studio 2012\Projects\wincommon\wincommon\wincommon.vcxproj" on node 2 (Build target(s)).
     1>InitializeBuildStatus:
         Creating "Debug\wincommon.unsuccessfulbuild" because "AlwaysCreate" was specified.
       ClCompile:
         All outputs are up-to-date.
         C:\Program Files (x86)\Microsoft Visual Studio 11.0\VC\bin\CL.exe /c /ZI /nologo /W3 /WX- /sdl /Od /Oy- /D WIN32 /D _DEBUG /D _LIB /D _UNICODE /D UNICODE /Gm /EHsc /RTC1 /MDd /GS /fp:precise /Zc:wchar_t /Zc:forScope /Fo"Debug\\" /Fd"Debug\vc110.pdb" /Gd /TP /analyze- /errorReport:prompt tListBox.cpp
         tListBox.cpp
       Lib:
         C:\Program Files (x86)\Microsoft Visual Studio 11.0\VC\bin\Lib.exe /OUT:"C:\Users\Mark\Documents\Visual Studio 2012\Projects\Demoz\Debug\wincommon.lib" /NOLOGO Debug\DefaultHandlers.obj
         Debug\DialogTemplate.obj
         Debug\stdafx.obj
         Debug\tButton.obj
         Debug\tControl.obj
         Debug\tDialog.obj
         Debug\tEdit.obj
         Debug\tListBox.obj
         wincommon.vcxproj -> C:\Users\Mark\Documents\Visual Studio 2012\Projects\Demoz\Debug\wincommon.lib
       FinalizeBuildStatus:
         Deleting file "Debug\wincommon.unsuccessfulbuild".
         Touching "Debug\wincommon.lastbuildstate".
     1>Done Building Project "C:\Users\Mark\Documents\Visual Studio 2012\Projects\wincommon\wincommon\wincommon.vcxproj" (Build target(s)).

Build succeeded.

Time Elapsed 00:00:03.28
