C:\USERS\MARK\DOCUMENTS\VISUAL STUDIO 2012\PROJECTS\WINCOMMON\WINCOMMON\DEBUG\WINCOMMON.PCH
C:\USERS\MARK\DOCUMENTS\VISUAL STUDIO 2012\PROJECTS\WINCOMMON\WINCOMMON\DEBUG\STDAFX.OBJ
C:\USERS\MARK\DOCUMENTS\VISUAL STUDIO 2012\PROJECTS\WINCOMMON\WINCOMMON\DEBUG\VC110.PDB
C:\USERS\MARK\DOCUMENTS\VISUAL STUDIO 2012\PROJECTS\WINCOMMON\WINCOMMON\DEBUG\DEFAULTHANDLERS.OBJ
C:\USERS\MARK\DOCUMENTS\VISUAL STUDIO 2012\PROJECTS\WINCOMMON\WINCOMMON\DEBUG\DIALOGTEMPLATE.OBJ
C:\USERS\MARK\DOCUMENTS\VISUAL STUDIO 2012\PROJECTS\WINCOMMON\WINCOMMON\DEBUG\TBUTTON.OBJ
C:\USERS\MARK\DOCUMENTS\VISUAL STUDIO 2012\PROJECTS\WINCOMMON\WINCOMMON\DEBUG\TCONTROL.OBJ
C:\USERS\MARK\DOCUMENTS\VISUAL STUDIO 2012\PROJECTS\WINCOMMON\WINCOMMON\DEBUG\TDIALOG.OBJ
C:\USERS\MARK\DOCUMENTS\VISUAL STUDIO 2012\PROJECTS\WINCOMMON\WINCOMMON\DEBUG\TEDIT.OBJ
C:\USERS\MARK\DOCUMENTS\VISUAL STUDIO 2012\PROJECTS\WINCOMMON\WINCOMMON\DEBUG\TLISTBOX.OBJ
C:\USERS\MARK\DOCUMENTS\VISUAL STUDIO 2012\PROJECTS\DEMOZ\DEBUG\WINCOMMON.LIB
C:\Users\Mark\Documents\Visual Studio 2012\Projects\wincommon\wincommon\Debug\DefaultHandlers.obj
C:\Users\Mark\Documents\Visual Studio 2012\Projects\wincommon\wincommon\Debug\DialogTemplate.obj
C:\Users\Mark\Documents\Visual Studio 2012\Projects\wincommon\wincommon\Debug\stdafx.obj
C:\Users\Mark\Documents\Visual Studio 2012\Projects\wincommon\wincommon\Debug\tButton.obj
C:\Users\Mark\Documents\Visual Studio 2012\Projects\wincommon\wincommon\Debug\tControl.obj
C:\Users\Mark\Documents\Visual Studio 2012\Projects\wincommon\wincommon\Debug\tDialog.obj
C:\Users\Mark\Documents\Visual Studio 2012\Projects\wincommon\wincommon\Debug\tEdit.obj
C:\Users\Mark\Documents\Visual Studio 2012\Projects\wincommon\wincommon\Debug\tListBox.obj
C:\Users\Mark\Documents\Visual Studio 2012\Projects\wincommon\wincommon\Debug\cl.command.1.tlog
C:\Users\Mark\Documents\Visual Studio 2012\Projects\wincommon\wincommon\Debug\CL.read.1.tlog
C:\Users\Mark\Documents\Visual Studio 2012\Projects\wincommon\wincommon\Debug\CL.write.1.tlog
C:\Users\Mark\Documents\Visual Studio 2012\Projects\wincommon\wincommon\Debug\Lib-link.read.1.tlog
C:\Users\Mark\Documents\Visual Studio 2012\Projects\wincommon\wincommon\Debug\Lib-link.write.1.tlog
C:\Users\Mark\Documents\Visual Studio 2012\Projects\wincommon\wincommon\Debug\lib.command.1.tlog
C:\Users\Mark\Documents\Visual Studio 2012\Projects\wincommon\wincommon\Debug\wincommon.pch
C:\Users\Mark\Documents\Visual Studio 2012\Projects\wincommon\wincommon\Debug\vc110.idb
C:\Users\Mark\Documents\Visual Studio 2012\Projects\wincommon\wincommon\Debug\vc110.pdb
C:\Users\Mark\Documents\Visual Studio 2012\Projects\Demoz\Debug\wincommon.lib
